2023-11-04 16:50:30,422 [SpringApplicationShutdownHook] INFO  o.s.o.j.LocalContainerEntityManagerFactoryBean : Closing JPA EntityManagerFactory for persistence unit 'default'
2023-11-04 16:50:30,428 [SpringApplicationShutdownHook] INFO  com.zaxxer.hikari.HikariDataSource       : HikariPool-1 - Shutdown initiated...
2023-11-04 16:50:30,436 [SpringApplicationShutdownHook] INFO  com.zaxxer.hikari.HikariDataSource       : HikariPool-1 - Shutdown completed.
2023-11-04 16:50:35,693 [restartedMain] INFO  com.example.crud.CrudApplication         : Starting CrudApplication using Java 17.0.4.1 with PID 19912 (C:\Users\Luka\Desktop\Spring Boot\CRUD\target\classes started by Luka in C:\Users\Luka\Desktop\Spring Boot\CRUD)
2023-11-04 16:50:35,695 [restartedMain] INFO  com.example.crud.CrudApplication         : No active profile set, falling back to 1 default profile: "default"
2023-11-04 16:50:35,743 [restartedMain] INFO  o.s.b.d.e.DevToolsPropertyDefaultsPostProcessor : Devtools property defaults active! Set 'spring.devtools.add-properties' to 'false' to disable
2023-11-04 16:50:35,743 [restartedMain] INFO  o.s.b.d.e.DevToolsPropertyDefaultsPostProcessor : For additional web related logging consider setting the 'logging.level.web' property to 'DEBUG'
2023-11-04 16:50:36,425 [restartedMain] INFO  o.s.d.r.c.RepositoryConfigurationDelegate : Bootstrapping Spring Data JPA repositories in DEFAULT mode.
2023-11-04 16:50:36,482 [restartedMain] INFO  o.s.d.r.c.RepositoryConfigurationDelegate : Finished Spring Data repository scanning in 51 ms. Found 3 JPA repository interfaces.
2023-11-04 16:50:36,804 [restartedMain] INFO  o.s.c.s.PostProcessorRegistrationDelegate$BeanPostProcessorChecker : Bean 'org.springframework.ws.config.annotation.DelegatingWsConfiguration' of type [org.springframework.ws.config.annotation.DelegatingWsConfiguration$$SpringCGLIB$$0] is not eligible for getting processed by all BeanPostProcessors (for example: not eligible for auto-proxying)
2023-11-04 16:50:36,832 [restartedMain] INFO  o.s.w.s.a.s.AnnotationActionEndpointMapping : Supporting [WS-Addressing August 2004, WS-Addressing 1.0]
2023-11-04 16:50:37,084 [restartedMain] INFO  o.s.b.w.embedded.tomcat.TomcatWebServer  : Tomcat initialized with port(s): 8181 (http)
2023-11-04 16:50:37,092 [restartedMain] INFO  o.apache.catalina.core.StandardService   : Starting service [Tomcat]
2023-11-04 16:50:37,092 [restartedMain] INFO  org.apache.catalina.core.StandardEngine  : Starting Servlet engine: [Apache Tomcat/10.1.12]
2023-11-04 16:50:37,146 [restartedMain] INFO  o.a.c.c.C.[Tomcat].[localhost].[/]       : Initializing Spring embedded WebApplicationContext
2023-11-04 16:50:37,147 [restartedMain] INFO  o.s.b.w.s.c.ServletWebServerApplicationContext : Root WebApplicationContext: initialization completed in 1402 ms
2023-11-04 16:50:37,201 [restartedMain] WARN  o.a.c.c.C.[Tomcat].[localhost].[/]       : Cannot deserialize session attribute [SPRING_SECURITY_CONTEXT] for session [9F8134CFAFEE012B17C5335D3C6BEEA7]
2023-11-04 16:50:37,299 [restartedMain] INFO  o.hibernate.jpa.internal.util.LogHelper  : HHH000204: Processing PersistenceUnitInfo [name: default]
2023-11-04 16:50:37,345 [restartedMain] INFO  org.hibernate.Version                    : HHH000412: Hibernate ORM core version 6.2.7.Final
2023-11-04 16:50:37,347 [restartedMain] INFO  org.hibernate.cfg.Environment            : HHH000406: Using bytecode reflection optimizer
2023-11-04 16:50:37,461 [restartedMain] INFO  o.h.b.internal.BytecodeProviderInitiator : HHH000021: Bytecode provider name : bytebuddy
2023-11-04 16:50:37,562 [restartedMain] INFO  o.s.o.j.p.SpringPersistenceUnitInfo      : No LoadTimeWeaver setup: ignoring JPA class transformer
2023-11-04 16:50:37,576 [restartedMain] INFO  com.zaxxer.hikari.HikariDataSource       : HikariPool-1 - Starting...
2023-11-04 16:50:37,697 [restartedMain] INFO  com.zaxxer.hikari.pool.HikariPool        : HikariPool-1 - Added connection com.mysql.cj.jdbc.ConnectionImpl@5fe7e3ac
2023-11-04 16:50:37,698 [restartedMain] INFO  com.zaxxer.hikari.HikariDataSource       : HikariPool-1 - Start completed.
2023-11-04 16:50:37,730 [restartedMain] WARN  org.hibernate.dialect.Dialect            : HHH000511: The 5.5.0 version for [org.hibernate.dialect.MySQLDialect] is no longer supported, hence certain features may not work properly. The minimum supported version is 5.7.0. Check the community dialects project for available legacy versions.
2023-11-04 16:50:37,924 [restartedMain] INFO  o.h.b.internal.BytecodeProviderInitiator : HHH000021: Bytecode provider name : bytebuddy
2023-11-04 16:50:38,486 [restartedMain] INFO  o.h.e.t.j.p.i.JtaPlatformInitiator       : HHH000490: Using JtaPlatform implementation: [org.hibernate.engine.transaction.jta.platform.internal.NoJtaPlatform]
2023-11-04 16:50:38,560 [restartedMain] INFO  o.s.o.j.LocalContainerEntityManagerFactoryBean : Initialized JPA EntityManagerFactory for persistence unit 'default'
2023-11-04 16:50:38,784 [restartedMain] INFO  o.s.d.j.r.query.QueryEnhancerFactory     : Hibernate is in classpath; If applicable, HQL parser will be used.
2023-11-04 16:50:39,278 [restartedMain] WARN  o.s.b.a.o.j.JpaBaseConfiguration$JpaWebConfiguration : spring.jpa.open-in-view is enabled by default. Therefore, database queries may be performed during view rendering. Explicitly configure spring.jpa.open-in-view to disable this warning
2023-11-04 16:50:39,459 [restartedMain] INFO  o.s.s.web.DefaultSecurityFilterChain     : Will secure any request with [org.springframework.security.web.session.DisableEncodeUrlFilter@a780e55, org.springframework.security.web.context.request.async.WebAsyncManagerIntegrationFilter@559e37b1, org.springframework.security.web.context.SecurityContextHolderFilter@62b428e2, org.springframework.security.web.header.HeaderWriterFilter@1ce76e0b, org.springframework.security.web.csrf.CsrfFilter@f4ccbbd, org.springframework.security.web.authentication.logout.LogoutFilter@e2034f2, org.springframework.security.web.authentication.UsernamePasswordAuthenticationFilter@3ae0dae0, org.springframework.security.web.savedrequest.RequestCacheAwareFilter@2f2a65a1, org.springframework.security.web.servletapi.SecurityContextHolderAwareRequestFilter@513ee8dc, org.springframework.security.web.authentication.rememberme.RememberMeAuthenticationFilter@229b9a52, org.springframework.security.web.authentication.AnonymousAuthenticationFilter@2ba97e5a, org.springframework.security.web.access.ExceptionTranslationFilter@e54f229, org.springframework.security.web.access.intercept.AuthorizationFilter@3985af27]
2023-11-04 16:50:39,687 [restartedMain] INFO  o.s.b.a.w.s.WelcomePageHandlerMapping    : Adding welcome page template: index
2023-11-04 16:50:39,971 [restartedMain] INFO  o.s.b.d.a.OptionalLiveReloadServer       : LiveReload server is running on port 35729
2023-11-04 16:50:40,004 [restartedMain] INFO  o.s.b.w.embedded.tomcat.TomcatWebServer  : Tomcat started on port(s): 8181 (http) with context path ''
2023-11-04 16:50:40,012 [restartedMain] INFO  com.example.crud.CrudApplication         : Started CrudApplication in 4.738 seconds (process running for 5.438)
2023-11-04 16:50:44,652 [http-nio-8181-exec-1] INFO  o.a.c.c.C.[Tomcat].[localhost].[/]       : Initializing Spring DispatcherServlet 'dispatcherServlet'
2023-11-04 16:50:44,652 [http-nio-8181-exec-1] INFO  o.s.web.servlet.DispatcherServlet        : Initializing Servlet 'dispatcherServlet'
2023-11-04 16:50:44,654 [http-nio-8181-exec-1] INFO  o.s.web.servlet.DispatcherServlet        : Completed initialization in 1 ms
2023-11-04 16:50:45,194 [http-nio-8181-exec-1] WARN  o.t.s.p.AbstractStandardFragmentInsertionTagProcessor : [THYMELEAF][http-nio-8181-exec-1][index] Deprecated unwrapped fragment expression "quantity_control :: quantity_control(1,${product.id})" found in template index, line 157, col 9. Please use the complete syntax of fragment expressions instead ("~{quantity_control :: quantity_control(1,${product.id})}"). The old, unwrapped syntax for fragment expressions will be removed in future versions of Thymeleaf.
2023-11-04 16:50:45,212 [http-nio-8181-exec-1] WARN  o.t.s.p.AbstractStandardFragmentInsertionTagProcessor : [THYMELEAF][http-nio-8181-exec-1][index] Deprecated unwrapped fragment expression "quantity_control :: quantity_control(1,${product.id})" found in template index, line 157, col 9. Please use the complete syntax of fragment expressions instead ("~{quantity_control :: quantity_control(1,${product.id})}"). The old, unwrapped syntax for fragment expressions will be removed in future versions of Thymeleaf.
2023-11-04 16:50:45,215 [http-nio-8181-exec-1] WARN  o.t.s.p.AbstractStandardFragmentInsertionTagProcessor : [THYMELEAF][http-nio-8181-exec-1][index] Deprecated unwrapped fragment expression "quantity_control :: quantity_control(1,${product.id})" found in template index, line 157, col 9. Please use the complete syntax of fragment expressions instead ("~{quantity_control :: quantity_control(1,${product.id})}"). The old, unwrapped syntax for fragment expressions will be removed in future versions of Thymeleaf.
2023-11-04 16:50:45,219 [http-nio-8181-exec-1] WARN  o.t.s.p.AbstractStandardFragmentInsertionTagProcessor : [THYMELEAF][http-nio-8181-exec-1][index] Deprecated unwrapped fragment expression "quantity_control :: quantity_control(1,${product.id})" found in template index, line 157, col 9. Please use the complete syntax of fragment expressions instead ("~{quantity_control :: quantity_control(1,${product.id})}"). The old, unwrapped syntax for fragment expressions will be removed in future versions of Thymeleaf.
2023-11-04 16:50:45,222 [http-nio-8181-exec-1] WARN  o.t.s.p.AbstractStandardFragmentInsertionTagProcessor : [THYMELEAF][http-nio-8181-exec-1][index] Deprecated unwrapped fragment expression "quantity_control :: quantity_control(1,${product.id})" found in template index, line 157, col 9. Please use the complete syntax of fragment expressions instead ("~{quantity_control :: quantity_control(1,${product.id})}"). The old, unwrapped syntax for fragment expressions will be removed in future versions of Thymeleaf.
2023-11-04 16:50:58,299 [http-nio-8181-exec-7] WARN  o.t.s.p.AbstractStandardFragmentInsertionTagProcessor : [THYMELEAF][http-nio-8181-exec-7][index] Deprecated unwrapped fragment expression "quantity_control :: quantity_control(1,${product.id})" found in template index, line 157, col 9. Please use the complete syntax of fragment expressions instead ("~{quantity_control :: quantity_control(1,${product.id})}"). The old, unwrapped syntax for fragment expressions will be removed in future versions of Thymeleaf.
2023-11-04 16:50:58,306 [http-nio-8181-exec-7] WARN  o.t.s.p.AbstractStandardFragmentInsertionTagProcessor : [THYMELEAF][http-nio-8181-exec-7][index] Deprecated unwrapped fragment expression "quantity_control :: quantity_control(1,${product.id})" found in template index, line 157, col 9. Please use the complete syntax of fragment expressions instead ("~{quantity_control :: quantity_control(1,${product.id})}"). The old, unwrapped syntax for fragment expressions will be removed in future versions of Thymeleaf.
2023-11-04 16:50:58,310 [http-nio-8181-exec-7] WARN  o.t.s.p.AbstractStandardFragmentInsertionTagProcessor : [THYMELEAF][http-nio-8181-exec-7][index] Deprecated unwrapped fragment expression "quantity_control :: quantity_control(1,${product.id})" found in template index, line 157, col 9. Please use the complete syntax of fragment expressions instead ("~{quantity_control :: quantity_control(1,${product.id})}"). The old, unwrapped syntax for fragment expressions will be removed in future versions of Thymeleaf.
2023-11-04 16:50:58,312 [http-nio-8181-exec-7] WARN  o.t.s.p.AbstractStandardFragmentInsertionTagProcessor : [THYMELEAF][http-nio-8181-exec-7][index] Deprecated unwrapped fragment expression "quantity_control :: quantity_control(1,${product.id})" found in template index, line 157, col 9. Please use the complete syntax of fragment expressions instead ("~{quantity_control :: quantity_control(1,${product.id})}"). The old, unwrapped syntax for fragment expressions will be removed in future versions of Thymeleaf.
2023-11-04 16:50:58,316 [http-nio-8181-exec-7] WARN  o.t.s.p.AbstractStandardFragmentInsertionTagProcessor : [THYMELEAF][http-nio-8181-exec-7][index] Deprecated unwrapped fragment expression "quantity_control :: quantity_control(1,${product.id})" found in template index, line 157, col 9. Please use the complete syntax of fragment expressions instead ("~{quantity_control :: quantity_control(1,${product.id})}"). The old, unwrapped syntax for fragment expressions will be removed in future versions of Thymeleaf.
2023-11-04 16:52:31,328 [http-nio-8181-exec-3] WARN  o.t.s.p.AbstractStandardFragmentInsertionTagProcessor : [THYMELEAF][http-nio-8181-exec-3][index] Deprecated unwrapped fragment expression "quantity_control :: quantity_control(1,${product.id})" found in template index, line 157, col 9. Please use the complete syntax of fragment expressions instead ("~{quantity_control :: quantity_control(1,${product.id})}"). The old, unwrapped syntax for fragment expressions will be removed in future versions of Thymeleaf.
2023-11-04 16:52:31,334 [http-nio-8181-exec-3] WARN  o.t.s.p.AbstractStandardFragmentInsertionTagProcessor : [THYMELEAF][http-nio-8181-exec-3][index] Deprecated unwrapped fragment expression "quantity_control :: quantity_control(1,${product.id})" found in template index, line 157, col 9. Please use the complete syntax of fragment expressions instead ("~{quantity_control :: quantity_control(1,${product.id})}"). The old, unwrapped syntax for fragment expressions will be removed in future versions of Thymeleaf.
2023-11-04 16:52:31,337 [http-nio-8181-exec-3] WARN  o.t.s.p.AbstractStandardFragmentInsertionTagProcessor : [THYMELEAF][http-nio-8181-exec-3][index] Deprecated unwrapped fragment expression "quantity_control :: quantity_control(1,${product.id})" found in template index, line 157, col 9. Please use the complete syntax of fragment expressions instead ("~{quantity_control :: quantity_control(1,${product.id})}"). The old, unwrapped syntax for fragment expressions will be removed in future versions of Thymeleaf.
2023-11-04 16:52:31,339 [http-nio-8181-exec-3] WARN  o.t.s.p.AbstractStandardFragmentInsertionTagProcessor : [THYMELEAF][http-nio-8181-exec-3][index] Deprecated unwrapped fragment expression "quantity_control :: quantity_control(1,${product.id})" found in template index, line 157, col 9. Please use the complete syntax of fragment expressions instead ("~{quantity_control :: quantity_control(1,${product.id})}"). The old, unwrapped syntax for fragment expressions will be removed in future versions of Thymeleaf.
2023-11-04 16:52:31,342 [http-nio-8181-exec-3] WARN  o.t.s.p.AbstractStandardFragmentInsertionTagProcessor : [THYMELEAF][http-nio-8181-exec-3][index] Deprecated unwrapped fragment expression "quantity_control :: quantity_control(1,${product.id})" found in template index, line 157, col 9. Please use the complete syntax of fragment expressions instead ("~{quantity_control :: quantity_control(1,${product.id})}"). The old, unwrapped syntax for fragment expressions will be removed in future versions of Thymeleaf.
2023-11-04 16:55:50,244 [SpringApplicationShutdownHook] INFO  o.s.o.j.LocalContainerEntityManagerFactoryBean : Closing JPA EntityManagerFactory for persistence unit 'default'
2023-11-04 16:55:50,249 [SpringApplicationShutdownHook] INFO  com.zaxxer.hikari.HikariDataSource       : HikariPool-1 - Shutdown initiated...
2023-11-04 16:55:50,256 [SpringApplicationShutdownHook] INFO  com.zaxxer.hikari.HikariDataSource       : HikariPool-1 - Shutdown completed.
2023-11-04 16:55:54,213 [restartedMain] INFO  com.example.crud.CrudApplication         : Starting CrudApplication using Java 17.0.4.1 with PID 34216 (C:\Users\Luka\Desktop\Spring Boot\CRUD\target\classes started by Luka in C:\Users\Luka\Desktop\Spring Boot\CRUD)
2023-11-04 16:55:54,220 [restartedMain] INFO  com.example.crud.CrudApplication         : No active profile set, falling back to 1 default profile: "default"
2023-11-04 16:55:54,274 [restartedMain] INFO  o.s.b.d.e.DevToolsPropertyDefaultsPostProcessor : Devtools property defaults active! Set 'spring.devtools.add-properties' to 'false' to disable
2023-11-04 16:55:54,274 [restartedMain] INFO  o.s.b.d.e.DevToolsPropertyDefaultsPostProcessor : For additional web related logging consider setting the 'logging.level.web' property to 'DEBUG'
2023-11-04 16:55:55,043 [restartedMain] INFO  o.s.d.r.c.RepositoryConfigurationDelegate : Bootstrapping Spring Data JPA repositories in DEFAULT mode.
2023-11-04 16:55:55,094 [restartedMain] INFO  o.s.d.r.c.RepositoryConfigurationDelegate : Finished Spring Data repository scanning in 44 ms. Found 3 JPA repository interfaces.
2023-11-04 16:55:55,435 [restartedMain] INFO  o.s.c.s.PostProcessorRegistrationDelegate$BeanPostProcessorChecker : Bean 'org.springframework.ws.config.annotation.DelegatingWsConfiguration' of type [org.springframework.ws.config.annotation.DelegatingWsConfiguration$$SpringCGLIB$$0] is not eligible for getting processed by all BeanPostProcessors (for example: not eligible for auto-proxying)
2023-11-04 16:55:55,466 [restartedMain] INFO  o.s.w.s.a.s.AnnotationActionEndpointMapping : Supporting [WS-Addressing August 2004, WS-Addressing 1.0]
2023-11-04 16:55:55,744 [restartedMain] INFO  o.s.b.w.embedded.tomcat.TomcatWebServer  : Tomcat initialized with port(s): 8181 (http)
2023-11-04 16:55:55,755 [restartedMain] INFO  o.apache.catalina.core.StandardService   : Starting service [Tomcat]
2023-11-04 16:55:55,755 [restartedMain] INFO  org.apache.catalina.core.StandardEngine  : Starting Servlet engine: [Apache Tomcat/10.1.12]
2023-11-04 16:55:55,822 [restartedMain] INFO  o.a.c.c.C.[Tomcat].[localhost].[/]       : Initializing Spring embedded WebApplicationContext
2023-11-04 16:55:55,822 [restartedMain] INFO  o.s.b.w.s.c.ServletWebServerApplicationContext : Root WebApplicationContext: initialization completed in 1547 ms
2023-11-04 16:55:55,891 [restartedMain] WARN  o.a.c.c.C.[Tomcat].[localhost].[/]       : Cannot deserialize session attribute [SPRING_SECURITY_CONTEXT] for session [679CD0E1C1F237A722CF54C0AD837BC4]
2023-11-04 16:55:55,998 [restartedMain] INFO  o.hibernate.jpa.internal.util.LogHelper  : HHH000204: Processing PersistenceUnitInfo [name: default]
2023-11-04 16:55:56,046 [restartedMain] INFO  org.hibernate.Version                    : HHH000412: Hibernate ORM core version 6.2.7.Final
2023-11-04 16:55:56,049 [restartedMain] INFO  org.hibernate.cfg.Environment            : HHH000406: Using bytecode reflection optimizer
2023-11-04 16:55:56,250 [restartedMain] INFO  o.h.b.internal.BytecodeProviderInitiator : HHH000021: Bytecode provider name : bytebuddy
2023-11-04 16:55:56,373 [restartedMain] INFO  o.s.o.j.p.SpringPersistenceUnitInfo      : No LoadTimeWeaver setup: ignoring JPA class transformer
2023-11-04 16:55:56,388 [restartedMain] INFO  com.zaxxer.hikari.HikariDataSource       : HikariPool-1 - Starting...
2023-11-04 16:55:56,532 [restartedMain] INFO  com.zaxxer.hikari.pool.HikariPool        : HikariPool-1 - Added connection com.mysql.cj.jdbc.ConnectionImpl@3ead1e38
2023-11-04 16:55:56,534 [restartedMain] INFO  com.zaxxer.hikari.HikariDataSource       : HikariPool-1 - Start completed.
2023-11-04 16:55:56,566 [restartedMain] WARN  org.hibernate.dialect.Dialect            : HHH000511: The 5.5.0 version for [org.hibernate.dialect.MySQLDialect] is no longer supported, hence certain features may not work properly. The minimum supported version is 5.7.0. Check the community dialects project for available legacy versions.
2023-11-04 16:55:56,760 [restartedMain] INFO  o.h.b.internal.BytecodeProviderInitiator : HHH000021: Bytecode provider name : bytebuddy
2023-11-04 16:55:57,332 [restartedMain] INFO  o.h.e.t.j.p.i.JtaPlatformInitiator       : HHH000490: Using JtaPlatform implementation: [org.hibernate.engine.transaction.jta.platform.internal.NoJtaPlatform]
2023-11-04 16:55:57,408 [restartedMain] INFO  o.s.o.j.LocalContainerEntityManagerFactoryBean : Initialized JPA EntityManagerFactory for persistence unit 'default'
2023-11-04 16:55:57,646 [restartedMain] INFO  o.s.d.j.r.query.QueryEnhancerFactory     : Hibernate is in classpath; If applicable, HQL parser will be used.
2023-11-04 16:55:58,209 [restartedMain] WARN  o.s.b.a.o.j.JpaBaseConfiguration$JpaWebConfiguration : spring.jpa.open-in-view is enabled by default. Therefore, database queries may be performed during view rendering. Explicitly configure spring.jpa.open-in-view to disable this warning
2023-11-04 16:55:58,418 [restartedMain] INFO  o.s.s.web.DefaultSecurityFilterChain     : Will secure any request with [org.springframework.security.web.session.DisableEncodeUrlFilter@3fb0c62e, org.springframework.security.web.context.request.async.WebAsyncManagerIntegrationFilter@38e434bc, org.springframework.security.web.context.SecurityContextHolderFilter@2959aa3b, org.springframework.security.web.header.HeaderWriterFilter@4a2185c0, org.springframework.security.web.csrf.CsrfFilter@112bf86a, org.springframework.security.web.authentication.logout.LogoutFilter@62c23c72, org.springframework.security.web.authentication.UsernamePasswordAuthenticationFilter@370a7a39, org.springframework.security.web.savedrequest.RequestCacheAwareFilter@79de5252, org.springframework.security.web.servletapi.SecurityContextHolderAwareRequestFilter@7725ae30, org.springframework.security.web.authentication.rememberme.RememberMeAuthenticationFilter@70fb5e2f, org.springframework.security.web.authentication.AnonymousAuthenticationFilter@12c41fa9, org.springframework.security.web.access.ExceptionTranslationFilter@472de07f, org.springframework.security.web.access.intercept.AuthorizationFilter@545c34f]
2023-11-04 16:55:58,679 [restartedMain] INFO  o.s.b.a.w.s.WelcomePageHandlerMapping    : Adding welcome page template: index
2023-11-04 16:55:59,036 [restartedMain] INFO  o.s.b.d.a.OptionalLiveReloadServer       : LiveReload server is running on port 35729
2023-11-04 16:55:59,073 [restartedMain] INFO  o.s.b.w.embedded.tomcat.TomcatWebServer  : Tomcat started on port(s): 8181 (http) with context path ''
2023-11-04 16:55:59,083 [restartedMain] INFO  com.example.crud.CrudApplication         : Started CrudApplication in 5.318 seconds (process running for 6.468)
2023-11-04 16:56:08,457 [http-nio-8181-exec-1] INFO  o.a.c.c.C.[Tomcat].[localhost].[/]       : Initializing Spring DispatcherServlet 'dispatcherServlet'
2023-11-04 16:56:08,460 [http-nio-8181-exec-1] INFO  o.s.web.servlet.DispatcherServlet        : Initializing Servlet 'dispatcherServlet'
2023-11-04 16:56:08,461 [http-nio-8181-exec-1] INFO  o.s.web.servlet.DispatcherServlet        : Completed initialization in 1 ms
2023-11-04 16:56:09,017 [http-nio-8181-exec-1] WARN  o.t.s.p.AbstractStandardFragmentInsertionTagProcessor : [THYMELEAF][http-nio-8181-exec-1][index] Deprecated unwrapped fragment expression "quantity_control :: quantity_control(1,${product.id})" found in template index, line 157, col 9. Please use the complete syntax of fragment expressions instead ("~{quantity_control :: quantity_control(1,${product.id})}"). The old, unwrapped syntax for fragment expressions will be removed in future versions of Thymeleaf.
2023-11-04 16:56:09,029 [http-nio-8181-exec-1] WARN  o.t.s.p.AbstractStandardFragmentInsertionTagProcessor : [THYMELEAF][http-nio-8181-exec-1][index] Deprecated unwrapped fragment expression "quantity_control :: quantity_control(1,${product.id})" found in template index, line 157, col 9. Please use the complete syntax of fragment expressions instead ("~{quantity_control :: quantity_control(1,${product.id})}"). The old, unwrapped syntax for fragment expressions will be removed in future versions of Thymeleaf.
2023-11-04 16:56:09,032 [http-nio-8181-exec-1] WARN  o.t.s.p.AbstractStandardFragmentInsertionTagProcessor : [THYMELEAF][http-nio-8181-exec-1][index] Deprecated unwrapped fragment expression "quantity_control :: quantity_control(1,${product.id})" found in template index, line 157, col 9. Please use the complete syntax of fragment expressions instead ("~{quantity_control :: quantity_control(1,${product.id})}"). The old, unwrapped syntax for fragment expressions will be removed in future versions of Thymeleaf.
2023-11-04 16:56:09,035 [http-nio-8181-exec-1] WARN  o.t.s.p.AbstractStandardFragmentInsertionTagProcessor : [THYMELEAF][http-nio-8181-exec-1][index] Deprecated unwrapped fragment expression "quantity_control :: quantity_control(1,${product.id})" found in template index, line 157, col 9. Please use the complete syntax of fragment expressions instead ("~{quantity_control :: quantity_control(1,${product.id})}"). The old, unwrapped syntax for fragment expressions will be removed in future versions of Thymeleaf.
2023-11-04 16:56:09,037 [http-nio-8181-exec-1] WARN  o.t.s.p.AbstractStandardFragmentInsertionTagProcessor : [THYMELEAF][http-nio-8181-exec-1][index] Deprecated unwrapped fragment expression "quantity_control :: quantity_control(1,${product.id})" found in template index, line 157, col 9. Please use the complete syntax of fragment expressions instead ("~{quantity_control :: quantity_control(1,${product.id})}"). The old, unwrapped syntax for fragment expressions will be removed in future versions of Thymeleaf.
2023-11-04 16:56:27,786 [http-nio-8181-exec-4] WARN  o.t.s.p.AbstractStandardFragmentInsertionTagProcessor : [THYMELEAF][http-nio-8181-exec-4][index] Deprecated unwrapped fragment expression "quantity_control :: quantity_control(1,${product.id})" found in template index, line 157, col 9. Please use the complete syntax of fragment expressions instead ("~{quantity_control :: quantity_control(1,${product.id})}"). The old, unwrapped syntax for fragment expressions will be removed in future versions of Thymeleaf.
2023-11-04 16:56:27,793 [http-nio-8181-exec-4] WARN  o.t.s.p.AbstractStandardFragmentInsertionTagProcessor : [THYMELEAF][http-nio-8181-exec-4][index] Deprecated unwrapped fragment expression "quantity_control :: quantity_control(1,${product.id})" found in template index, line 157, col 9. Please use the complete syntax of fragment expressions instead ("~{quantity_control :: quantity_control(1,${product.id})}"). The old, unwrapped syntax for fragment expressions will be removed in future versions of Thymeleaf.
2023-11-04 16:56:27,796 [http-nio-8181-exec-4] WARN  o.t.s.p.AbstractStandardFragmentInsertionTagProcessor : [THYMELEAF][http-nio-8181-exec-4][index] Deprecated unwrapped fragment expression "quantity_control :: quantity_control(1,${product.id})" found in template index, line 157, col 9. Please use the complete syntax of fragment expressions instead ("~{quantity_control :: quantity_control(1,${product.id})}"). The old, unwrapped syntax for fragment expressions will be removed in future versions of Thymeleaf.
2023-11-04 16:56:27,799 [http-nio-8181-exec-4] WARN  o.t.s.p.AbstractStandardFragmentInsertionTagProcessor : [THYMELEAF][http-nio-8181-exec-4][index] Deprecated unwrapped fragment expression "quantity_control :: quantity_control(1,${product.id})" found in template index, line 157, col 9. Please use the complete syntax of fragment expressions instead ("~{quantity_control :: quantity_control(1,${product.id})}"). The old, unwrapped syntax for fragment expressions will be removed in future versions of Thymeleaf.
2023-11-04 16:56:27,802 [http-nio-8181-exec-4] WARN  o.t.s.p.AbstractStandardFragmentInsertionTagProcessor : [THYMELEAF][http-nio-8181-exec-4][index] Deprecated unwrapped fragment expression "quantity_control :: quantity_control(1,${product.id})" found in template index, line 157, col 9. Please use the complete syntax of fragment expressions instead ("~{quantity_control :: quantity_control(1,${product.id})}"). The old, unwrapped syntax for fragment expressions will be removed in future versions of Thymeleaf.
2023-11-04 17:14:14,255 [SpringApplicationShutdownHook] INFO  o.s.o.j.LocalContainerEntityManagerFactoryBean : Closing JPA EntityManagerFactory for persistence unit 'default'
2023-11-04 17:14:14,265 [SpringApplicationShutdownHook] INFO  com.zaxxer.hikari.HikariDataSource       : HikariPool-1 - Shutdown initiated...
2023-11-04 17:14:14,274 [SpringApplicationShutdownHook] INFO  com.zaxxer.hikari.HikariDataSource       : HikariPool-1 - Shutdown completed.
