2023-11-04 16:41:57,474 [SpringApplicationShutdownHook] INFO  o.s.o.j.LocalContainerEntityManagerFactoryBean : Closing JPA EntityManagerFactory for persistence unit 'default'
2023-11-04 16:41:57,479 [SpringApplicationShutdownHook] INFO  com.zaxxer.hikari.HikariDataSource       : HikariPool-1 - Shutdown initiated...
2023-11-04 16:41:57,488 [SpringApplicationShutdownHook] INFO  com.zaxxer.hikari.HikariDataSource       : HikariPool-1 - Shutdown completed.
2023-11-04 16:42:00,805 [restartedMain] INFO  com.example.crud.CrudApplication         : Starting CrudApplication using Java 17.0.4.1 with PID 10028 (C:\Users\Luka\Desktop\Spring Boot\CRUD\target\classes started by Luka in C:\Users\Luka\Desktop\Spring Boot\CRUD)
2023-11-04 16:42:00,807 [restartedMain] INFO  com.example.crud.CrudApplication         : No active profile set, falling back to 1 default profile: "default"
2023-11-04 16:42:00,856 [restartedMain] INFO  o.s.b.d.e.DevToolsPropertyDefaultsPostProcessor : Devtools property defaults active! Set 'spring.devtools.add-properties' to 'false' to disable
2023-11-04 16:42:00,857 [restartedMain] INFO  o.s.b.d.e.DevToolsPropertyDefaultsPostProcessor : For additional web related logging consider setting the 'logging.level.web' property to 'DEBUG'
2023-11-04 16:42:01,549 [restartedMain] INFO  o.s.d.r.c.RepositoryConfigurationDelegate : Bootstrapping Spring Data JPA repositories in DEFAULT mode.
2023-11-04 16:42:01,604 [restartedMain] INFO  o.s.d.r.c.RepositoryConfigurationDelegate : Finished Spring Data repository scanning in 48 ms. Found 3 JPA repository interfaces.
2023-11-04 16:42:01,940 [restartedMain] INFO  o.s.c.s.PostProcessorRegistrationDelegate$BeanPostProcessorChecker : Bean 'org.springframework.ws.config.annotation.DelegatingWsConfiguration' of type [org.springframework.ws.config.annotation.DelegatingWsConfiguration$$SpringCGLIB$$0] is not eligible for getting processed by all BeanPostProcessors (for example: not eligible for auto-proxying)
2023-11-04 16:42:01,969 [restartedMain] INFO  o.s.w.s.a.s.AnnotationActionEndpointMapping : Supporting [WS-Addressing August 2004, WS-Addressing 1.0]
2023-11-04 16:42:02,226 [restartedMain] INFO  o.s.b.w.embedded.tomcat.TomcatWebServer  : Tomcat initialized with port(s): 8181 (http)
2023-11-04 16:42:02,234 [restartedMain] INFO  o.apache.catalina.core.StandardService   : Starting service [Tomcat]
2023-11-04 16:42:02,234 [restartedMain] INFO  org.apache.catalina.core.StandardEngine  : Starting Servlet engine: [Apache Tomcat/10.1.12]
2023-11-04 16:42:02,288 [restartedMain] INFO  o.a.c.c.C.[Tomcat].[localhost].[/]       : Initializing Spring embedded WebApplicationContext
2023-11-04 16:42:02,288 [restartedMain] INFO  o.s.b.w.s.c.ServletWebServerApplicationContext : Root WebApplicationContext: initialization completed in 1431 ms
2023-11-04 16:42:02,344 [restartedMain] WARN  o.a.c.c.C.[Tomcat].[localhost].[/]       : Cannot deserialize session attribute [SPRING_SECURITY_CONTEXT] for session [6F0ED0C1C60B04EB93C2497763CEB1EA]
2023-11-04 16:42:02,442 [restartedMain] INFO  o.hibernate.jpa.internal.util.LogHelper  : HHH000204: Processing PersistenceUnitInfo [name: default]
2023-11-04 16:42:02,487 [restartedMain] INFO  org.hibernate.Version                    : HHH000412: Hibernate ORM core version 6.2.7.Final
2023-11-04 16:42:02,490 [restartedMain] INFO  org.hibernate.cfg.Environment            : HHH000406: Using bytecode reflection optimizer
2023-11-04 16:42:02,603 [restartedMain] INFO  o.h.b.internal.BytecodeProviderInitiator : HHH000021: Bytecode provider name : bytebuddy
2023-11-04 16:42:02,704 [restartedMain] INFO  o.s.o.j.p.SpringPersistenceUnitInfo      : No LoadTimeWeaver setup: ignoring JPA class transformer
2023-11-04 16:42:02,718 [restartedMain] INFO  com.zaxxer.hikari.HikariDataSource       : HikariPool-1 - Starting...
2023-11-04 16:42:02,841 [restartedMain] INFO  com.zaxxer.hikari.pool.HikariPool        : HikariPool-1 - Added connection com.mysql.cj.jdbc.ConnectionImpl@7640f78a
2023-11-04 16:42:02,842 [restartedMain] INFO  com.zaxxer.hikari.HikariDataSource       : HikariPool-1 - Start completed.
2023-11-04 16:42:02,875 [restartedMain] WARN  org.hibernate.dialect.Dialect            : HHH000511: The 5.5.0 version for [org.hibernate.dialect.MySQLDialect] is no longer supported, hence certain features may not work properly. The minimum supported version is 5.7.0. Check the community dialects project for available legacy versions.
2023-11-04 16:42:03,083 [restartedMain] INFO  o.h.b.internal.BytecodeProviderInitiator : HHH000021: Bytecode provider name : bytebuddy
2023-11-04 16:42:03,658 [restartedMain] INFO  o.h.e.t.j.p.i.JtaPlatformInitiator       : HHH000490: Using JtaPlatform implementation: [org.hibernate.engine.transaction.jta.platform.internal.NoJtaPlatform]
2023-11-04 16:42:03,734 [restartedMain] INFO  o.s.o.j.LocalContainerEntityManagerFactoryBean : Initialized JPA EntityManagerFactory for persistence unit 'default'
2023-11-04 16:42:03,955 [restartedMain] INFO  o.s.d.j.r.query.QueryEnhancerFactory     : Hibernate is in classpath; If applicable, HQL parser will be used.
2023-11-04 16:42:04,454 [restartedMain] WARN  o.s.b.a.o.j.JpaBaseConfiguration$JpaWebConfiguration : spring.jpa.open-in-view is enabled by default. Therefore, database queries may be performed during view rendering. Explicitly configure spring.jpa.open-in-view to disable this warning
2023-11-04 16:42:04,636 [restartedMain] INFO  o.s.s.web.DefaultSecurityFilterChain     : Will secure any request with [org.springframework.security.web.session.DisableEncodeUrlFilter@62a10ca4, org.springframework.security.web.context.request.async.WebAsyncManagerIntegrationFilter@4bcd6f63, org.springframework.security.web.context.SecurityContextHolderFilter@4dca5295, org.springframework.security.web.header.HeaderWriterFilter@78d27db, org.springframework.security.web.csrf.CsrfFilter@7f7632c7, org.springframework.security.web.authentication.logout.LogoutFilter@78fca636, org.springframework.security.web.authentication.UsernamePasswordAuthenticationFilter@42f789ea, org.springframework.security.web.savedrequest.RequestCacheAwareFilter@527d7af9, org.springframework.security.web.servletapi.SecurityContextHolderAwareRequestFilter@445f5fd3, org.springframework.security.web.authentication.rememberme.RememberMeAuthenticationFilter@10272ee6, org.springframework.security.web.authentication.AnonymousAuthenticationFilter@62b428e2, org.springframework.security.web.access.ExceptionTranslationFilter@283f9956, org.springframework.security.web.access.intercept.AuthorizationFilter@717fb667]
2023-11-04 16:42:04,876 [restartedMain] INFO  o.s.b.a.w.s.WelcomePageHandlerMapping    : Adding welcome page template: index
2023-11-04 16:42:05,175 [restartedMain] INFO  o.s.b.d.a.OptionalLiveReloadServer       : LiveReload server is running on port 35729
2023-11-04 16:42:05,209 [restartedMain] INFO  o.s.b.w.embedded.tomcat.TomcatWebServer  : Tomcat started on port(s): 8181 (http) with context path ''
2023-11-04 16:42:05,217 [restartedMain] INFO  com.example.crud.CrudApplication         : Started CrudApplication in 4.822 seconds (process running for 5.508)
